<?xml version="1.0" encoding="UTF-8"?>
<!-- Generated by org.testng.reporters.JUnitXMLReporter -->
<testsuite ignored="0" hostname="DESKTOP-JT1C0HT" failures="3" tests="3" name="Test" time="3.815" errors="0" timestamp="2024-03-04T15:19:07 ART">
  <testcase classname="pruebas.Laboratorio8" name="login" time="1.408">
    <failure type="java.lang.AssertionError" message="expected [Account Login] but found [My Account]">
      <![CDATA[java.lang.AssertionError: expected [Account Login] but found [My Account]
at pruebas.Laboratorio8.login(Laboratorio8.java:40)
at java.base/java.util.ArrayList.forEach(ArrayList.java:1511)
... Removed 33 stack frames]]>
    </failure>
  </testcase> <!-- login -->
  <testcase classname="pruebas.Laboratorio8" name="login" time="1.16">
    <failure type="java.lang.AssertionError" message="expected [Account Login] but found [My Account]">
      <![CDATA[java.lang.AssertionError: expected [Account Login] but found [My Account]
at pruebas.Laboratorio8.login(Laboratorio8.java:40)
at java.base/java.util.ArrayList.forEach(ArrayList.java:1511)
... Removed 33 stack frames]]>
    </failure>
  </testcase> <!-- login -->
  <testcase classname="pruebas.Laboratorio8" name="login" time="1.186">
    <failure type="java.lang.AssertionError" message="expected [Account Login] but found [My Account]">
      <![CDATA[java.lang.AssertionError: expected [Account Login] but found [My Account]
at pruebas.Laboratorio8.login(Laboratorio8.java:40)
at java.base/java.util.ArrayList.forEach(ArrayList.java:1511)
... Removed 33 stack frames]]>
    </failure>
  </testcase> <!-- login -->
</testsuite> <!-- Test -->
