<?xml version="1.0" encoding="UTF-8"?>
<testng-results ignored="0" total="1" passed="1" failed="0" skipped="0">
  <reporter-output>
  </reporter-output>
  <suite started-at="2024-03-04T18:56:55 ART" name="Default suite" finished-at="2024-03-04T18:56:55 ART" duration-ms="166">
    <groups>
    </groups>
    <test started-at="2024-03-04T18:56:55 ART" name="Default test" finished-at="2024-03-04T18:56:55 ART" duration-ms="166">
      <class name="pruebas.Laboratorio9">
        <test-method is-config="true" signature="abrirPagina()[pri:0, instance:pruebas.Laboratorio9@2a265ea9]" started-at="2024-03-04T18:56:46 ART" name="abrirPagina" finished-at="2024-03-04T18:56:55 ART" duration-ms="8201" status="PASS">
          <reporter-output>
          </reporter-output>
        </test-method> <!-- abrirPagina -->
        <test-method signature="leerValoresTabla()[pri:0, instance:pruebas.Laboratorio9@2a265ea9]" started-at="2024-03-04T18:56:55 ART" name="leerValoresTabla" finished-at="2024-03-04T18:56:55 ART" duration-ms="106" status="PASS">
          <reporter-output>
          </reporter-output>
        </test-method> <!-- leerValoresTabla -->
        <test-method is-config="true" signature="cerrar()[pri:0, instance:pruebas.Laboratorio9@2a265ea9]" started-at="2024-03-04T18:56:55 ART" name="cerrar" finished-at="2024-03-04T18:56:56 ART" duration-ms="1457" status="PASS">
          <reporter-output>
          </reporter-output>
        </test-method> <!-- cerrar -->
      </class> <!-- pruebas.Laboratorio9 -->
    </test> <!-- Default test -->
  </suite> <!-- Default suite -->
</testng-results>
